d:\rainmeterplugins\yourflyouts\src\intermediate\x64\debug\vc143.pdb
d:\rainmeterplugins\yourflyouts\src\intermediate\x64\debug\vc143.idb
d:\rainmeterplugins\yourflyouts\src\intermediate\x64\debug\yourflyouts.obj
d:\rainmeterplugins\yourflyouts\src\intermediate\x64\debug\flyouttrigger.obj
d:\rainmeterplugins\yourflyouts\src\intermediate\x64\debug\flyouthandler.obj
d:\rainmeterplugins\yourflyouts\src\intermediate\x64\debug\yourflyouts.ilk
d:\rainmeterplugins\yourflyouts\build\debug\64-bit\yourflyouts.dll
d:\rainmeterplugins\yourflyouts\build\debug\64-bit\yourflyouts.pdb
d:\rainmeterplugins\yourflyouts\src\intermediate\x64\debug\yourflyouts.res
d:\rainmeterplugins\yourflyouts\build\debug\64-bit\yourflyouts.lib
d:\rainmeterplugins\yourflyouts\build\debug\64-bit\yourflyouts.exp
d:\rainmeterplugins\yourflyouts\src\intermediate\x64\debug\yourflyouts.tlog\cl.command.1.tlog
d:\rainmeterplugins\yourflyouts\src\intermediate\x64\debug\yourflyouts.tlog\cl.read.1.tlog
d:\rainmeterplugins\yourflyouts\src\intermediate\x64\debug\yourflyouts.tlog\cl.write.1.tlog
d:\rainmeterplugins\yourflyouts\src\intermediate\x64\debug\yourflyouts.tlog\link.command.1.tlog
d:\rainmeterplugins\yourflyouts\src\intermediate\x64\debug\yourflyouts.tlog\link.read.1.tlog
d:\rainmeterplugins\yourflyouts\src\intermediate\x64\debug\yourflyouts.tlog\link.write.1.tlog
d:\rainmeterplugins\yourflyouts\src\intermediate\x64\debug\yourflyouts.tlog\rc.command.1.tlog
d:\rainmeterplugins\yourflyouts\src\intermediate\x64\debug\yourflyouts.tlog\rc.read.1.tlog
d:\rainmeterplugins\yourflyouts\src\intermediate\x64\debug\yourflyouts.tlog\rc.write.1.tlog
d:\rainmeterplugins\yourflyouts\src\intermediate\x64\debug\yourflyouts.tlog\yourflyouts.write.1u.tlog
