d:\rainmeterplugins\yourflyouts\src\intermediate\x32\release\vc143.pdb
d:\rainmeterplugins\yourflyouts\src\intermediate\x32\release\yourflyouts.obj
d:\rainmeterplugins\yourflyouts\src\intermediate\x32\release\flyouttrigger.obj
d:\rainmeterplugins\yourflyouts\src\intermediate\x32\release\flyouthandler.obj
d:\rainmeterplugins\yourflyouts\build\release\32-bit\yourflyouts.dll
d:\rainmeterplugins\yourflyouts\src\intermediate\x32\release\yourflyouts.ipdb
d:\rainmeterplugins\yourflyouts\src\intermediate\x32\release\yourflyouts.iobj
d:\rainmeterplugins\yourflyouts\src\intermediate\x32\release\yourflyouts.res
d:\rainmeterplugins\yourflyouts\build\release\32-bit\yourflyouts.lib
d:\rainmeterplugins\yourflyouts\build\release\32-bit\yourflyouts.exp
d:\rainmeterplugins\yourflyouts\src\intermediate\x32\release\yourflyouts.tlog\cl.command.1.tlog
d:\rainmeterplugins\yourflyouts\src\intermediate\x32\release\yourflyouts.tlog\cl.read.1.tlog
d:\rainmeterplugins\yourflyouts\src\intermediate\x32\release\yourflyouts.tlog\cl.write.1.tlog
d:\rainmeterplugins\yourflyouts\src\intermediate\x32\release\yourflyouts.tlog\link.command.1.tlog
d:\rainmeterplugins\yourflyouts\src\intermediate\x32\release\yourflyouts.tlog\link.read.1.tlog
d:\rainmeterplugins\yourflyouts\src\intermediate\x32\release\yourflyouts.tlog\link.write.1.tlog
d:\rainmeterplugins\yourflyouts\src\intermediate\x32\release\yourflyouts.tlog\rc.command.1.tlog
d:\rainmeterplugins\yourflyouts\src\intermediate\x32\release\yourflyouts.tlog\rc.read.1.tlog
d:\rainmeterplugins\yourflyouts\src\intermediate\x32\release\yourflyouts.tlog\rc.write.1.tlog
d:\rainmeterplugins\yourflyouts\src\intermediate\x32\release\yourflyouts.tlog\yourflyouts.write.1u.tlog
